[0616/120714.962:INFO:CONSOLE(163)] "Event handler of 'x-storagemutated-1' event must be added on the initial evaluation of worker script.", source: https://static.whatsapp.net/rsrc.php/v4/yt/r/Ey5QIp1RjTx.js (163)
[0616/120715.431:INFO:CONSOLE(0)] "Error with Permissions-Policy header: Feature xr-spatial-tracking's parameters are ignored.", source:  (0)
[0616/120715.431:INFO:CONSOLE(0)] "Error with Permissions-Policy header: Origin trial controlled feature not enabled: 'attribution-reporting'.", source:  (0)
[0616/120715.431:INFO:CONSOLE(0)] "Error with Permissions-Policy header: Unrecognized feature: 'compute-pressure'.", source:  (0)
[0616/120715.432:INFO:CONSOLE(0)] "Error with Permissions-Policy header: Origin trial controlled feature not enabled: 'interest-cohort'.", source:  (0)
[0616/120715.432:INFO:CONSOLE(0)] "Error with Permissions-Policy header: Unrecognized feature: 'private-state-token-issuance'.", source:  (0)
[0616/120715.432:INFO:CONSOLE(0)] "Error with Permissions-Policy header: Origin trial controlled feature not enabled: 'shared-storage'.", source:  (0)
[0616/120715.432:INFO:CONSOLE(0)] "Error with Permissions-Policy header: Unrecognized feature: 'shared-storage-select-url'.", source:  (0)
[0616/120715.432:INFO:CONSOLE(0)] "Error with Permissions-Policy header: Unrecognized feature: 'private-state-token-redemption'.", source:  (0)
[0616/120715.432:INFO:CONSOLE(0)] "Error with Permissions-Policy header: Unrecognized feature: 'unload'.", source:  (0)
[0616/120715.432:INFO:CONSOLE(0)] "Error with Permissions-Policy header: Unrecognized feature: 'window-management'.", source:  (0)
[0616/120715.434:INFO:CONSOLE(0)] "Document-Policy HTTP header: Unrecognized document policy feature name include-js-call-stacks-in-crash-reports.", source: https://web.whatsapp.com/ (0)
[0616/120922.623:INFO:CONSOLE(163)] "Event handler of 'x-storagemutated-1' event must be added on the initial evaluation of worker script.", source: https://static.whatsapp.net/rsrc.php/v4/yt/r/Ey5QIp1RjTx.js (163)
[0616/121019.387:INFO:CONSOLE(4)] "Uncaught (in promise) Error: window is not defined", source: https://web.whatsapp.com/ (4)
[0616/121021.189:INFO:CONSOLE(163)] "Event handler of 'x-storagemutated-1' event must be added on the initial evaluation of worker script.", source: https://static.whatsapp.net/rsrc.php/v4/yt/r/Ey5QIp1RjTx.js (163)
[0616/121110.982:INFO:CONSOLE(163)] "Event handler of 'x-storagemutated-1' event must be added on the initial evaluation of worker script.", source: https://static.whatsapp.net/rsrc.php/v4/yt/r/Ey5QIp1RjTx.js (163)
[0616/121352.524:INFO:CONSOLE(4)] "Uncaught (in promise) Error: window is not defined", source: https://web.whatsapp.com/ (4)
[0616/121443.333:INFO:CONSOLE(163)] "Event handler of 'x-storagemutated-1' event must be added on the initial evaluation of worker script.", source: https://static.whatsapp.net/rsrc.php/v4/yt/r/Ey5QIp1RjTx.js (163)
[0616/121724.380:INFO:CONSOLE(4)] "Uncaught (in promise) Error: window is not defined", source: https://web.whatsapp.com/ (4)
[0616/121815.329:INFO:CONSOLE(163)] "Event handler of 'x-storagemutated-1' event must be added on the initial evaluation of worker script.", source: https://static.whatsapp.net/rsrc.php/v4/yt/r/Ey5QIp1RjTx.js (163)
[0616/122056.700:INFO:CONSOLE(4)] "Uncaught (in promise) Error: window is not defined", source: https://web.whatsapp.com/ (4)
[0616/122147.299:INFO:CONSOLE(163)] "Event handler of 'x-storagemutated-1' event must be added on the initial evaluation of worker script.", source: https://static.whatsapp.net/rsrc.php/v4/yt/r/Ey5QIp1RjTx.js (163)
[0616/122428.624:INFO:CONSOLE(4)] "Uncaught (in promise) Error: window is not defined", source: https://web.whatsapp.com/ (4)
[0616/122519.278:INFO:CONSOLE(163)] "Event handler of 'x-storagemutated-1' event must be added on the initial evaluation of worker script.", source: https://static.whatsapp.net/rsrc.php/v4/yt/r/Ey5QIp1RjTx.js (163)
[0616/122800.451:INFO:CONSOLE(4)] "Uncaught (in promise) Error: window is not defined", source: https://web.whatsapp.com/ (4)
[0616/122850.999:INFO:CONSOLE(163)] "Event handler of 'x-storagemutated-1' event must be added on the initial evaluation of worker script.", source: https://static.whatsapp.net/rsrc.php/v4/yt/r/Ey5QIp1RjTx.js (163)
[0616/123132.228:INFO:CONSOLE(4)] "Uncaught (in promise) Error: window is not defined", source: https://web.whatsapp.com/ (4)
[0616/123223.580:INFO:CONSOLE(163)] "Event handler of 'x-storagemutated-1' event must be added on the initial evaluation of worker script.", source: https://static.whatsapp.net/rsrc.php/v4/yt/r/Ey5QIp1RjTx.js (163)
[0616/123315.524:INFO:CONSOLE(163)] "Event handler of 'x-storagemutated-1' event must be added on the initial evaluation of worker script.", source: https://static.whatsapp.net/rsrc.php/v4/yt/r/Ey5QIp1RjTx.js (163)
